2024-08-28 15:15:26.727 INFO  1120  --- [main] f.d.b.BackrestapiApplication : Starting BackrestapiApplication using Java 17.0.12 with PID 4176 (C:\Users\Admin\Desktop\SpringFormation\backrestapi\target\classes started by Admin in C:\Users\Admin\Desktop\SpringFormation\backrestapi)
2024-08-28 15:15:26.738 INFO  1131  --- [main] f.d.b.BackrestapiApplication : No active profile set, falling back to 1 default profile: "default"
2024-08-28 15:15:27.688 INFO  2081  --- [main] o.s.d.r.c.RepositoryConfigurationDelegate : Bootstrapping Spring Data JPA repositories in DEFAULT mode.
2024-08-28 15:15:27.808 INFO  2201  --- [main] o.s.d.r.c.RepositoryConfigurationDelegate : Finished Spring Data repository scanning in 106 ms. Found 2 JPA repository interfaces.
2024-08-28 15:15:28.530 INFO  2923  --- [main] o.s.b.w.e.tomcat.TomcatWebServer : Tomcat initialized with port 8085 (http)
2024-08-28 15:15:28.557 INFO  2950  --- [main] o.a.catalina.core.StandardService : Starting service [Tomcat]
2024-08-28 15:15:28.558 INFO  2951  --- [main] o.a.catalina.core.StandardEngine : Starting Servlet engine: [Apache Tomcat/10.1.28]
2024-08-28 15:15:28.667 INFO  3060  --- [main] o.a.c.c.C.[Tomcat].[localhost].[/] : Initializing Spring embedded WebApplicationContext
2024-08-28 15:15:28.668 INFO  3061  --- [main] o.s.b.w.s.c.ServletWebServerApplicationContext : Root WebApplicationContext: initialization completed in 1837 ms
2024-08-28 15:15:28.912 INFO  3305  --- [main] o.h.jpa.internal.util.LogHelper : HHH000204: Processing PersistenceUnitInfo [name: default]
2024-08-28 15:15:29.012 INFO  3405  --- [main] org.hibernate.Version : HHH000412: Hibernate ORM core version 6.5.2.Final
2024-08-28 15:15:29.071 INFO  3464  --- [main] o.h.c.i.RegionFactoryInitiator : HHH000026: Second-level cache disabled
2024-08-28 15:15:29.579 INFO  3972  --- [main] o.s.o.j.p.SpringPersistenceUnitInfo : No LoadTimeWeaver setup: ignoring JPA class transformer
2024-08-28 15:15:29.633 INFO  4026  --- [main] com.zaxxer.hikari.HikariDataSource : HikariPool-1 - Starting...
2024-08-28 15:15:29.789 INFO  4182  --- [main] com.zaxxer.hikari.pool.HikariPool : HikariPool-1 - Added connection org.mariadb.jdbc.Connection@443af394
2024-08-28 15:15:29.792 INFO  4185  --- [main] com.zaxxer.hikari.HikariDataSource : HikariPool-1 - Start completed.
2024-08-28 15:15:29.833 WARN  4226  --- [main] org.hibernate.dialect.Dialect : HHH000511: The 10.3.14 version for [org.hibernate.dialect.MariaDBDialect] is no longer supported, hence certain features may not work properly. The minimum supported version is 10.4.0. Check the community dialects project for available legacy versions.
2024-08-28 15:15:29.842 WARN  4235  --- [main] org.hibernate.orm.deprecation : HHH90000025: MariaDBDialect does not need to be specified explicitly using 'hibernate.dialect' (remove the property setting and it will be selected by default)
2024-08-28 15:15:31.400 INFO  5793  --- [main] o.h.e.t.j.p.i.JtaPlatformInitiator : HHH000489: No JTA platform available (set 'hibernate.transaction.jta.platform' to enable JTA platform integration)
2024-08-28 15:15:31.532 INFO  5925  --- [main] o.s.o.j.LocalContainerEntityManagerFactoryBean : Initialized JPA EntityManagerFactory for persistence unit 'default'
2024-08-28 15:15:32.062 INFO  6455  --- [main] o.s.d.j.r.q.QueryEnhancerFactory : Hibernate is in classpath; If applicable, HQL parser will be used.
2024-08-28 15:15:32.599 WARN  6992  --- [main] o.s.b.w.s.c.AnnotationConfigServletWebServerApplicationContext : Exception encountered during context initialization - cancelling refresh attempt: org.springframework.beans.factory.UnsatisfiedDependencyException: Error creating bean with name 'locationServiceImpl': Unsatisfied dependency expressed through field 'restTemplate': No qualifying bean of type 'org.springframework.web.client.RestTemplate' available: expected at least 1 bean which qualifies as autowire candidate. Dependency annotations: {@org.springframework.beans.factory.annotation.Autowired(required=true)}
2024-08-28 15:15:32.601 INFO  6994  --- [main] o.s.o.j.LocalContainerEntityManagerFactoryBean : Closing JPA EntityManagerFactory for persistence unit 'default'
2024-08-28 15:15:32.605 INFO  6998  --- [main] com.zaxxer.hikari.HikariDataSource : HikariPool-1 - Shutdown initiated...
2024-08-28 15:15:32.613 INFO  7006  --- [main] com.zaxxer.hikari.HikariDataSource : HikariPool-1 - Shutdown completed.
2024-08-28 15:15:32.615 INFO  7008  --- [main] o.a.catalina.core.StandardService : Stopping service [Tomcat]
2024-08-28 15:15:32.634 INFO  7027  --- [main] o.s.b.a.l.ConditionEvaluationReportLogger : 

Error starting ApplicationContext. To display the condition evaluation report re-run your application with 'debug' enabled.
2024-08-28 15:15:32.672 ERROR 7065  --- [main] o.s.b.d.LoggingFailureAnalysisReporter : 

***************************
APPLICATION FAILED TO START
***************************

Description:

Field restTemplate in fr.dawan.backrestapi.services.LocationServiceImpl required a bean of type 'org.springframework.web.client.RestTemplate' that could not be found.

The injection point has the following annotations:
	- @org.springframework.beans.factory.annotation.Autowired(required=true)


Action:

Consider defining a bean of type 'org.springframework.web.client.RestTemplate' in your configuration.

2024-08-28 15:16:10.771 INFO  1102  --- [main] f.d.b.BackrestapiApplication : Starting BackrestapiApplication using Java 17.0.12 with PID 8448 (C:\Users\Admin\Desktop\SpringFormation\backrestapi\target\classes started by Admin in C:\Users\Admin\Desktop\SpringFormation\backrestapi)
2024-08-28 15:16:10.775 INFO  1106  --- [main] f.d.b.BackrestapiApplication : No active profile set, falling back to 1 default profile: "default"
2024-08-28 15:16:11.685 INFO  2016  --- [main] o.s.d.r.c.RepositoryConfigurationDelegate : Bootstrapping Spring Data JPA repositories in DEFAULT mode.
2024-08-28 15:16:11.806 INFO  2137  --- [main] o.s.d.r.c.RepositoryConfigurationDelegate : Finished Spring Data repository scanning in 107 ms. Found 2 JPA repository interfaces.
2024-08-28 15:16:12.504 INFO  2835  --- [main] o.s.b.w.e.tomcat.TomcatWebServer : Tomcat initialized with port 8085 (http)
2024-08-28 15:16:12.530 INFO  2861  --- [main] o.a.catalina.core.StandardService : Starting service [Tomcat]
2024-08-28 15:16:12.530 INFO  2861  --- [main] o.a.catalina.core.StandardEngine : Starting Servlet engine: [Apache Tomcat/10.1.28]
2024-08-28 15:16:12.628 INFO  2959  --- [main] o.a.c.c.C.[Tomcat].[localhost].[/] : Initializing Spring embedded WebApplicationContext
2024-08-28 15:16:12.630 INFO  2961  --- [main] o.s.b.w.s.c.ServletWebServerApplicationContext : Root WebApplicationContext: initialization completed in 1779 ms
2024-08-28 15:16:12.888 INFO  3219  --- [main] o.h.jpa.internal.util.LogHelper : HHH000204: Processing PersistenceUnitInfo [name: default]
2024-08-28 15:16:12.987 INFO  3318  --- [main] org.hibernate.Version : HHH000412: Hibernate ORM core version 6.5.2.Final
2024-08-28 15:16:13.052 INFO  3383  --- [main] o.h.c.i.RegionFactoryInitiator : HHH000026: Second-level cache disabled
2024-08-28 15:16:13.563 INFO  3894  --- [main] o.s.o.j.p.SpringPersistenceUnitInfo : No LoadTimeWeaver setup: ignoring JPA class transformer
2024-08-28 15:16:13.609 INFO  3940  --- [main] com.zaxxer.hikari.HikariDataSource : HikariPool-1 - Starting...
2024-08-28 15:16:13.778 INFO  4109  --- [main] com.zaxxer.hikari.pool.HikariPool : HikariPool-1 - Added connection org.mariadb.jdbc.Connection@59313495
2024-08-28 15:16:13.782 INFO  4113  --- [main] com.zaxxer.hikari.HikariDataSource : HikariPool-1 - Start completed.
2024-08-28 15:16:13.829 WARN  4160  --- [main] org.hibernate.dialect.Dialect : HHH000511: The 10.3.14 version for [org.hibernate.dialect.MariaDBDialect] is no longer supported, hence certain features may not work properly. The minimum supported version is 10.4.0. Check the community dialects project for available legacy versions.
2024-08-28 15:16:13.839 WARN  4170  --- [main] org.hibernate.orm.deprecation : HHH90000025: MariaDBDialect does not need to be specified explicitly using 'hibernate.dialect' (remove the property setting and it will be selected by default)
2024-08-28 15:16:15.514 INFO  5845  --- [main] o.h.e.t.j.p.i.JtaPlatformInitiator : HHH000489: No JTA platform available (set 'hibernate.transaction.jta.platform' to enable JTA platform integration)
2024-08-28 15:16:15.645 INFO  5976  --- [main] o.s.o.j.LocalContainerEntityManagerFactoryBean : Initialized JPA EntityManagerFactory for persistence unit 'default'
2024-08-28 15:16:16.178 INFO  6509  --- [main] o.s.d.j.r.q.QueryEnhancerFactory : Hibernate is in classpath; If applicable, HQL parser will be used.
2024-08-28 15:16:16.743 WARN  7074  --- [main] o.s.b.a.o.j.JpaBaseConfiguration$JpaWebConfiguration : spring.jpa.open-in-view is enabled by default. Therefore, database queries may be performed during view rendering. Explicitly configure spring.jpa.open-in-view to disable this warning
2024-08-28 15:16:16.871 DEBUG 7202  --- [main] o.s.w.s.m.m.a.RequestMappingHandlerMapping : 21 mappings in 'requestMappingHandlerMapping'
2024-08-28 15:16:16.928 DEBUG 7259  --- [main] o.s.w.s.h.SimpleUrlHandlerMapping : Patterns [/webjars/**, /**] in 'resourceHandlerMapping'
2024-08-28 15:16:16.991 DEBUG 7322  --- [main] o.s.w.s.m.m.a.RequestMappingHandlerAdapter : ControllerAdvice beans: 0 @ModelAttribute, 0 @InitBinder, 1 RequestBodyAdvice, 1 ResponseBodyAdvice
2024-08-28 15:16:17.067 DEBUG 7398  --- [main] o.s.w.s.m.m.a.ExceptionHandlerExceptionResolver : ControllerAdvice beans: 1 @ExceptionHandler, 1 ResponseBodyAdvice
2024-08-28 15:16:17.249 INFO  7580  --- [main] o.s.b.w.e.tomcat.TomcatWebServer : Tomcat started on port 8085 (http) with context path '/'
2024-08-28 15:16:17.263 INFO  7594  --- [main] f.d.b.BackrestapiApplication : Started BackrestapiApplication in 7.072 seconds (process running for 8.279)
2024-08-28 15:16:24.923 INFO  15254 --- [RMI TCP Connection(2)-127.0.0.1] o.s.b.a.SpringApplicationAdminMXBeanRegistrar$SpringApplicationAdmin : Application shutdown requested.
2024-08-28 15:16:24.978 INFO  15309 --- [RMI TCP Connection(2)-127.0.0.1] o.s.o.j.LocalContainerEntityManagerFactoryBean : Closing JPA EntityManagerFactory for persistence unit 'default'
2024-08-28 15:16:24.982 INFO  15313 --- [RMI TCP Connection(2)-127.0.0.1] com.zaxxer.hikari.HikariDataSource : HikariPool-1 - Shutdown initiated...
2024-08-28 15:16:24.987 INFO  15318 --- [RMI TCP Connection(2)-127.0.0.1] com.zaxxer.hikari.HikariDataSource : HikariPool-1 - Shutdown completed.
2024-08-28 15:21:22.122 INFO  1149  --- [main] f.d.b.BackrestapiApplication : Starting BackrestapiApplication using Java 17.0.12 with PID 3760 (C:\Users\Admin\Desktop\SpringFormation\backrestapi\target\classes started by Admin in C:\Users\Admin\Desktop\SpringFormation\backrestapi)
2024-08-28 15:21:22.125 INFO  1152  --- [main] f.d.b.BackrestapiApplication : No active profile set, falling back to 1 default profile: "default"
2024-08-28 15:21:23.010 INFO  2037  --- [main] o.s.d.r.c.RepositoryConfigurationDelegate : Bootstrapping Spring Data JPA repositories in DEFAULT mode.
2024-08-28 15:21:23.121 INFO  2148  --- [main] o.s.d.r.c.RepositoryConfigurationDelegate : Finished Spring Data repository scanning in 98 ms. Found 2 JPA repository interfaces.
2024-08-28 15:21:23.798 INFO  2825  --- [main] o.s.b.w.e.tomcat.TomcatWebServer : Tomcat initialized with port 8085 (http)
2024-08-28 15:21:23.820 INFO  2847  --- [main] o.a.catalina.core.StandardService : Starting service [Tomcat]
2024-08-28 15:21:23.821 INFO  2848  --- [main] o.a.catalina.core.StandardEngine : Starting Servlet engine: [Apache Tomcat/10.1.28]
2024-08-28 15:21:23.918 INFO  2945  --- [main] o.a.c.c.C.[Tomcat].[localhost].[/] : Initializing Spring embedded WebApplicationContext
2024-08-28 15:21:23.921 INFO  2948  --- [main] o.s.b.w.s.c.ServletWebServerApplicationContext : Root WebApplicationContext: initialization completed in 1716 ms
2024-08-28 15:21:24.158 INFO  3185  --- [main] o.h.jpa.internal.util.LogHelper : HHH000204: Processing PersistenceUnitInfo [name: default]
2024-08-28 15:21:24.256 INFO  3283  --- [main] org.hibernate.Version : HHH000412: Hibernate ORM core version 6.5.2.Final
2024-08-28 15:21:24.313 INFO  3340  --- [main] o.h.c.i.RegionFactoryInitiator : HHH000026: Second-level cache disabled
2024-08-28 15:21:24.795 INFO  3822  --- [main] o.s.o.j.p.SpringPersistenceUnitInfo : No LoadTimeWeaver setup: ignoring JPA class transformer
2024-08-28 15:21:24.849 INFO  3876  --- [main] com.zaxxer.hikari.HikariDataSource : HikariPool-1 - Starting...
2024-08-28 15:21:25.011 INFO  4038  --- [main] com.zaxxer.hikari.pool.HikariPool : HikariPool-1 - Added connection org.mariadb.jdbc.Connection@2913ca3e
2024-08-28 15:21:25.013 INFO  4040  --- [main] com.zaxxer.hikari.HikariDataSource : HikariPool-1 - Start completed.
2024-08-28 15:21:25.061 WARN  4088  --- [main] org.hibernate.dialect.Dialect : HHH000511: The 10.3.14 version for [org.hibernate.dialect.MariaDBDialect] is no longer supported, hence certain features may not work properly. The minimum supported version is 10.4.0. Check the community dialects project for available legacy versions.
2024-08-28 15:21:25.069 WARN  4096  --- [main] org.hibernate.orm.deprecation : HHH90000025: MariaDBDialect does not need to be specified explicitly using 'hibernate.dialect' (remove the property setting and it will be selected by default)
2024-08-28 15:21:26.580 INFO  5607  --- [main] o.h.e.t.j.p.i.JtaPlatformInitiator : HHH000489: No JTA platform available (set 'hibernate.transaction.jta.platform' to enable JTA platform integration)
2024-08-28 15:21:26.683 INFO  5710  --- [main] o.s.o.j.LocalContainerEntityManagerFactoryBean : Initialized JPA EntityManagerFactory for persistence unit 'default'
2024-08-28 15:21:27.163 INFO  6190  --- [main] o.s.d.j.r.q.QueryEnhancerFactory : Hibernate is in classpath; If applicable, HQL parser will be used.
2024-08-28 15:21:27.641 WARN  6668  --- [main] o.s.b.w.s.c.AnnotationConfigServletWebServerApplicationContext : Exception encountered during context initialization - cancelling refresh attempt: org.springframework.beans.factory.UnsatisfiedDependencyException: Error creating bean with name 'locationServiceImpl': Unsatisfied dependency expressed through field 'restTemplate': No qualifying bean of type 'org.springframework.web.client.RestTemplate' available: expected at least 1 bean which qualifies as autowire candidate. Dependency annotations: {@org.springframework.beans.factory.annotation.Autowired(required=true)}
2024-08-28 15:21:27.645 INFO  6672  --- [main] o.s.o.j.LocalContainerEntityManagerFactoryBean : Closing JPA EntityManagerFactory for persistence unit 'default'
2024-08-28 15:21:27.647 INFO  6674  --- [main] com.zaxxer.hikari.HikariDataSource : HikariPool-1 - Shutdown initiated...
2024-08-28 15:21:27.655 INFO  6682  --- [main] com.zaxxer.hikari.HikariDataSource : HikariPool-1 - Shutdown completed.
2024-08-28 15:21:27.657 INFO  6684  --- [main] o.a.catalina.core.StandardService : Stopping service [Tomcat]
2024-08-28 15:21:27.677 INFO  6704  --- [main] o.s.b.a.l.ConditionEvaluationReportLogger : 

Error starting ApplicationContext. To display the condition evaluation report re-run your application with 'debug' enabled.
2024-08-28 15:21:27.710 ERROR 6737  --- [main] o.s.b.d.LoggingFailureAnalysisReporter : 

***************************
APPLICATION FAILED TO START
***************************

Description:

Field restTemplate in fr.dawan.backrestapi.services.LocationServiceImpl required a bean of type 'org.springframework.web.client.RestTemplate' that could not be found.

The injection point has the following annotations:
	- @org.springframework.beans.factory.annotation.Autowired(required=true)


Action:

Consider defining a bean of type 'org.springframework.web.client.RestTemplate' in your configuration.

2024-08-28 15:21:56.854 INFO  1102  --- [main] f.d.b.BackrestapiApplication : Starting BackrestapiApplication using Java 17.0.12 with PID 4224 (C:\Users\Admin\Desktop\SpringFormation\backrestapi\target\classes started by Admin in C:\Users\Admin\Desktop\SpringFormation\backrestapi)
2024-08-28 15:21:56.858 INFO  1106  --- [main] f.d.b.BackrestapiApplication : No active profile set, falling back to 1 default profile: "default"
2024-08-28 15:21:57.709 INFO  1957  --- [main] o.s.d.r.c.RepositoryConfigurationDelegate : Bootstrapping Spring Data JPA repositories in DEFAULT mode.
2024-08-28 15:21:57.814 INFO  2062  --- [main] o.s.d.r.c.RepositoryConfigurationDelegate : Finished Spring Data repository scanning in 94 ms. Found 2 JPA repository interfaces.
2024-08-28 15:21:58.485 INFO  2733  --- [main] o.s.b.w.e.tomcat.TomcatWebServer : Tomcat initialized with port 8085 (http)
2024-08-28 15:21:58.507 INFO  2755  --- [main] o.a.catalina.core.StandardService : Starting service [Tomcat]
2024-08-28 15:21:58.508 INFO  2756  --- [main] o.a.catalina.core.StandardEngine : Starting Servlet engine: [Apache Tomcat/10.1.28]
2024-08-28 15:21:58.603 INFO  2851  --- [main] o.a.c.c.C.[Tomcat].[localhost].[/] : Initializing Spring embedded WebApplicationContext
2024-08-28 15:21:58.605 INFO  2853  --- [main] o.s.b.w.s.c.ServletWebServerApplicationContext : Root WebApplicationContext: initialization completed in 1673 ms
2024-08-28 15:21:58.831 INFO  3079  --- [main] o.h.jpa.internal.util.LogHelper : HHH000204: Processing PersistenceUnitInfo [name: default]
2024-08-28 15:21:58.929 INFO  3177  --- [main] org.hibernate.Version : HHH000412: Hibernate ORM core version 6.5.2.Final
2024-08-28 15:21:58.984 INFO  3232  --- [main] o.h.c.i.RegionFactoryInitiator : HHH000026: Second-level cache disabled
2024-08-28 15:21:59.482 INFO  3730  --- [main] o.s.o.j.p.SpringPersistenceUnitInfo : No LoadTimeWeaver setup: ignoring JPA class transformer
2024-08-28 15:21:59.523 INFO  3771  --- [main] com.zaxxer.hikari.HikariDataSource : HikariPool-1 - Starting...
2024-08-28 15:21:59.665 INFO  3913  --- [main] com.zaxxer.hikari.pool.HikariPool : HikariPool-1 - Added connection org.mariadb.jdbc.Connection@601f264d
2024-08-28 15:21:59.669 INFO  3917  --- [main] com.zaxxer.hikari.HikariDataSource : HikariPool-1 - Start completed.
2024-08-28 15:21:59.710 WARN  3958  --- [main] org.hibernate.dialect.Dialect : HHH000511: The 10.3.14 version for [org.hibernate.dialect.MariaDBDialect] is no longer supported, hence certain features may not work properly. The minimum supported version is 10.4.0. Check the community dialects project for available legacy versions.
2024-08-28 15:21:59.718 WARN  3966  --- [main] org.hibernate.orm.deprecation : HHH90000025: MariaDBDialect does not need to be specified explicitly using 'hibernate.dialect' (remove the property setting and it will be selected by default)
2024-08-28 15:22:01.236 INFO  5484  --- [main] o.h.e.t.j.p.i.JtaPlatformInitiator : HHH000489: No JTA platform available (set 'hibernate.transaction.jta.platform' to enable JTA platform integration)
2024-08-28 15:22:01.349 INFO  5597  --- [main] o.s.o.j.LocalContainerEntityManagerFactoryBean : Initialized JPA EntityManagerFactory for persistence unit 'default'
2024-08-28 15:22:01.838 INFO  6086  --- [main] o.s.d.j.r.q.QueryEnhancerFactory : Hibernate is in classpath; If applicable, HQL parser will be used.
2024-08-28 15:22:02.371 WARN  6619  --- [main] o.s.b.a.o.j.JpaBaseConfiguration$JpaWebConfiguration : spring.jpa.open-in-view is enabled by default. Therefore, database queries may be performed during view rendering. Explicitly configure spring.jpa.open-in-view to disable this warning
2024-08-28 15:22:02.515 DEBUG 6763  --- [main] o.s.w.s.m.m.a.RequestMappingHandlerMapping : 21 mappings in 'requestMappingHandlerMapping'
2024-08-28 15:22:02.571 DEBUG 6819  --- [main] o.s.w.s.h.SimpleUrlHandlerMapping : Patterns [/webjars/**, /**] in 'resourceHandlerMapping'
2024-08-28 15:22:02.624 DEBUG 6872  --- [main] o.s.w.s.m.m.a.RequestMappingHandlerAdapter : ControllerAdvice beans: 0 @ModelAttribute, 0 @InitBinder, 1 RequestBodyAdvice, 1 ResponseBodyAdvice
2024-08-28 15:22:02.675 DEBUG 6923  --- [main] o.s.w.s.m.m.a.ExceptionHandlerExceptionResolver : ControllerAdvice beans: 1 @ExceptionHandler, 1 ResponseBodyAdvice
2024-08-28 15:22:02.859 INFO  7107  --- [main] o.s.b.w.e.tomcat.TomcatWebServer : Tomcat started on port 8085 (http) with context path '/'
2024-08-28 15:22:02.873 INFO  7121  --- [main] f.d.b.BackrestapiApplication : Started BackrestapiApplication in 6.586 seconds (process running for 7.75)
2024-08-28 15:22:33.305 INFO  37553 --- [RMI TCP Connection(4)-127.0.0.1] o.s.b.a.SpringApplicationAdminMXBeanRegistrar$SpringApplicationAdmin : Application shutdown requested.
2024-08-28 15:22:33.358 INFO  37606 --- [RMI TCP Connection(4)-127.0.0.1] o.s.o.j.LocalContainerEntityManagerFactoryBean : Closing JPA EntityManagerFactory for persistence unit 'default'
2024-08-28 15:22:33.362 INFO  37610 --- [RMI TCP Connection(4)-127.0.0.1] com.zaxxer.hikari.HikariDataSource : HikariPool-1 - Shutdown initiated...
2024-08-28 15:22:33.369 INFO  37617 --- [RMI TCP Connection(4)-127.0.0.1] com.zaxxer.hikari.HikariDataSource : HikariPool-1 - Shutdown completed.
2024-08-28 15:33:23.577 INFO  1087  --- [main] f.d.b.BackrestapiApplication : Starting BackrestapiApplication using Java 17.0.12 with PID 8096 (C:\Users\Admin\Desktop\SpringFormation\backrestapi\target\classes started by Admin in C:\Users\Admin\Desktop\SpringFormation\backrestapi)
2024-08-28 15:33:23.581 INFO  1091  --- [main] f.d.b.BackrestapiApplication : No active profile set, falling back to 1 default profile: "default"
2024-08-28 15:33:24.447 INFO  1957  --- [main] o.s.d.r.c.RepositoryConfigurationDelegate : Bootstrapping Spring Data JPA repositories in DEFAULT mode.
2024-08-28 15:33:24.542 INFO  2052  --- [main] o.s.d.r.c.RepositoryConfigurationDelegate : Finished Spring Data repository scanning in 85 ms. Found 2 JPA repository interfaces.
2024-08-28 15:33:25.226 INFO  2736  --- [main] o.s.b.w.e.tomcat.TomcatWebServer : Tomcat initialized with port 8085 (http)
2024-08-28 15:33:25.259 INFO  2769  --- [main] o.a.catalina.core.StandardService : Starting service [Tomcat]
2024-08-28 15:33:25.259 INFO  2769  --- [main] o.a.catalina.core.StandardEngine : Starting Servlet engine: [Apache Tomcat/10.1.28]
2024-08-28 15:33:25.351 INFO  2861  --- [main] o.a.c.c.C.[Tomcat].[localhost].[/] : Initializing Spring embedded WebApplicationContext
2024-08-28 15:33:25.351 INFO  2861  --- [main] o.s.b.w.s.c.ServletWebServerApplicationContext : Root WebApplicationContext: initialization completed in 1694 ms
2024-08-28 15:33:25.568 INFO  3078  --- [main] o.h.jpa.internal.util.LogHelper : HHH000204: Processing PersistenceUnitInfo [name: default]
2024-08-28 15:33:25.657 INFO  3167  --- [main] org.hibernate.Version : HHH000412: Hibernate ORM core version 6.5.2.Final
2024-08-28 15:33:25.710 INFO  3220  --- [main] o.h.c.i.RegionFactoryInitiator : HHH000026: Second-level cache disabled
2024-08-28 15:33:26.184 INFO  3694  --- [main] o.s.o.j.p.SpringPersistenceUnitInfo : No LoadTimeWeaver setup: ignoring JPA class transformer
2024-08-28 15:33:26.228 INFO  3738  --- [main] com.zaxxer.hikari.HikariDataSource : HikariPool-1 - Starting...
2024-08-28 15:33:26.376 INFO  3886  --- [main] com.zaxxer.hikari.pool.HikariPool : HikariPool-1 - Added connection org.mariadb.jdbc.Connection@1f71e024
2024-08-28 15:33:26.380 INFO  3890  --- [main] com.zaxxer.hikari.HikariDataSource : HikariPool-1 - Start completed.
2024-08-28 15:33:26.422 WARN  3932  --- [main] org.hibernate.dialect.Dialect : HHH000511: The 10.3.14 version for [org.hibernate.dialect.MariaDBDialect] is no longer supported, hence certain features may not work properly. The minimum supported version is 10.4.0. Check the community dialects project for available legacy versions.
2024-08-28 15:33:26.429 WARN  3939  --- [main] org.hibernate.orm.deprecation : HHH90000025: MariaDBDialect does not need to be specified explicitly using 'hibernate.dialect' (remove the property setting and it will be selected by default)
2024-08-28 15:33:27.946 INFO  5456  --- [main] o.h.e.t.j.p.i.JtaPlatformInitiator : HHH000489: No JTA platform available (set 'hibernate.transaction.jta.platform' to enable JTA platform integration)
2024-08-28 15:33:28.040 INFO  5550  --- [main] o.s.o.j.LocalContainerEntityManagerFactoryBean : Initialized JPA EntityManagerFactory for persistence unit 'default'
2024-08-28 15:33:28.540 INFO  6050  --- [main] o.s.d.j.r.q.QueryEnhancerFactory : Hibernate is in classpath; If applicable, HQL parser will be used.
2024-08-28 15:33:29.034 WARN  6544  --- [main] o.s.b.a.o.j.JpaBaseConfiguration$JpaWebConfiguration : spring.jpa.open-in-view is enabled by default. Therefore, database queries may be performed during view rendering. Explicitly configure spring.jpa.open-in-view to disable this warning
2024-08-28 15:33:29.174 DEBUG 6684  --- [main] o.s.w.s.m.m.a.RequestMappingHandlerMapping : 22 mappings in 'requestMappingHandlerMapping'
2024-08-28 15:33:29.250 DEBUG 6760  --- [main] o.s.w.s.h.SimpleUrlHandlerMapping : Patterns [/webjars/**, /**] in 'resourceHandlerMapping'
2024-08-28 15:33:29.301 DEBUG 6811  --- [main] o.s.w.s.m.m.a.RequestMappingHandlerAdapter : ControllerAdvice beans: 0 @ModelAttribute, 0 @InitBinder, 1 RequestBodyAdvice, 1 ResponseBodyAdvice
2024-08-28 15:33:29.352 DEBUG 6862  --- [main] o.s.w.s.m.m.a.ExceptionHandlerExceptionResolver : ControllerAdvice beans: 1 @ExceptionHandler, 1 ResponseBodyAdvice
2024-08-28 15:33:29.525 INFO  7035  --- [main] o.s.b.w.e.tomcat.TomcatWebServer : Tomcat started on port 8085 (http) with context path '/'
2024-08-28 15:33:29.541 INFO  7051  --- [main] f.d.b.BackrestapiApplication : Started BackrestapiApplication in 6.52 seconds (process running for 7.712)
2024-08-28 15:33:45.499 INFO  23009 --- [http-nio-8085-exec-2] o.a.c.c.C.[Tomcat].[localhost].[/] : Initializing Spring DispatcherServlet 'dispatcherServlet'
2024-08-28 15:33:45.499 INFO  23009 --- [http-nio-8085-exec-2] o.s.web.servlet.DispatcherServlet : Initializing Servlet 'dispatcherServlet'
2024-08-28 15:33:45.500 DEBUG 23010 --- [http-nio-8085-exec-2] o.s.web.servlet.DispatcherServlet : Detected StandardServletMultipartResolver
2024-08-28 15:33:45.500 DEBUG 23010 --- [http-nio-8085-exec-2] o.s.web.servlet.DispatcherServlet : Detected AcceptHeaderLocaleResolver
2024-08-28 15:33:45.500 DEBUG 23010 --- [http-nio-8085-exec-2] o.s.web.servlet.DispatcherServlet : Detected FixedThemeResolver
2024-08-28 15:33:45.501 DEBUG 23011 --- [http-nio-8085-exec-2] o.s.web.servlet.DispatcherServlet : Detected org.springframework.web.servlet.view.DefaultRequestToViewNameTranslator@11fb4f69
2024-08-28 15:33:45.501 DEBUG 23011 --- [http-nio-8085-exec-2] o.s.web.servlet.DispatcherServlet : Detected org.springframework.web.servlet.support.SessionFlashMapManager@67d6bb59
2024-08-28 15:33:45.501 DEBUG 23011 --- [http-nio-8085-exec-2] o.s.web.servlet.DispatcherServlet : enableLoggingRequestDetails='false': request parameters and headers will be masked to prevent unsafe logging of potentially sensitive data
2024-08-28 15:33:45.501 INFO  23011 --- [http-nio-8085-exec-2] o.s.web.servlet.DispatcherServlet : Completed initialization in 2 ms
2024-08-28 15:33:45.514 DEBUG 23024 --- [http-nio-8085-exec-2] o.s.web.servlet.DispatcherServlet : GET "/api/locations", parameters={}
2024-08-28 15:33:45.531 DEBUG 23041 --- [http-nio-8085-exec-2] o.s.w.s.m.m.a.RequestMappingHandlerMapping : Mapped to fr.dawan.backrestapi.controllers.LocationController#getAllLocation()
2024-08-28 15:33:45.876 DEBUG 23386 --- [http-nio-8085-exec-2] o.s.web.client.RestTemplate : HTTP GET https://dawan.org/public/location
2024-08-28 15:33:45.915 DEBUG 23425 --- [http-nio-8085-exec-2] o.s.web.client.RestTemplate : Accept=[application/json, application/*+json]
2024-08-28 15:33:46.890 DEBUG 24400 --- [http-nio-8085-exec-2] o.s.web.client.RestTemplate : Response 200 OK
2024-08-28 15:33:46.893 DEBUG 24403 --- [http-nio-8085-exec-2] o.s.web.client.RestTemplate : Reading to [fr.dawan.backrestapi.dtos.LocationDto[]]
2024-08-28 15:33:47.024 DEBUG 24534 --- [http-nio-8085-exec-2] o.s.w.s.m.m.a.RequestResponseBodyMethodProcessor : Using 'application/json', given [*/*] and supported [application/json, application/*+json]
2024-08-28 15:33:47.028 DEBUG 24538 --- [http-nio-8085-exec-2] o.s.w.s.m.m.a.RequestResponseBodyMethodProcessor : Writing [[fr.dawan.backrestapi.dtos.LocationDto@14fc8bee, fr.dawan.backrestapi.dtos.LocationDto@50b68967, fr. (truncated)...]
2024-08-28 15:33:47.059 DEBUG 24569 --- [http-nio-8085-exec-2] o.s.web.servlet.DispatcherServlet : Completed 200 OK
2024-08-28 15:34:22.987 INFO  60497 --- [RMI TCP Connection(3)-127.0.0.1] o.s.b.a.SpringApplicationAdminMXBeanRegistrar$SpringApplicationAdmin : Application shutdown requested.
2024-08-28 15:34:23.032 INFO  60542 --- [RMI TCP Connection(3)-127.0.0.1] o.s.o.j.LocalContainerEntityManagerFactoryBean : Closing JPA EntityManagerFactory for persistence unit 'default'
2024-08-28 15:34:23.036 INFO  60546 --- [RMI TCP Connection(3)-127.0.0.1] com.zaxxer.hikari.HikariDataSource : HikariPool-1 - Shutdown initiated...
2024-08-28 15:34:23.043 INFO  60553 --- [RMI TCP Connection(3)-127.0.0.1] com.zaxxer.hikari.HikariDataSource : HikariPool-1 - Shutdown completed.
